2024-06-02 01:58:12,629 [File Watcher] INFO  o.s.b.d.a.LocalDevToolsAutoConfiguration$RestartingClassPathChangeChangedEventListener - Restarting due to 3 class path changes (0 additions, 0 deletions, 3 modifications)
2024-06-02 01:58:12,787 [Thread-77] INFO  o.apache.coyote.http11.Http11NioProtocol           - Stopping ProtocolHandler ["http-nio-8082"]
2024-06-02 01:58:13,442 [restartedMain] INFO  com.nt.LoggerProject02Application                  - Starting LoggerProject02Application using Java 21.0.2 with PID 3216 (D:\spring boot practice\LoggerProject02\target\classes started by DELL in D:\spring boot practice\LoggerProject02)
2024-06-02 01:58:13,442 [restartedMain] INFO  com.nt.LoggerProject02Application                  - Starting LoggerProject02Application using Java 21.0.2 with PID 3216 (D:\spring boot practice\LoggerProject02\target\classes started by DELL in D:\spring boot practice\LoggerProject02)
2024-06-02 01:58:13,445 [restartedMain] DEBUG com.nt.LoggerProject02Application                  - Running with Spring Boot v3.3.0, Spring v6.1.8
2024-06-02 01:58:13,445 [restartedMain] DEBUG com.nt.LoggerProject02Application                  - Running with Spring Boot v3.3.0, Spring v6.1.8
2024-06-02 01:58:13,445 [restartedMain] INFO  com.nt.LoggerProject02Application                  - No active profile set, falling back to 1 default profile: "default"
2024-06-02 01:58:13,445 [restartedMain] INFO  com.nt.LoggerProject02Application                  - No active profile set, falling back to 1 default profile: "default"
2024-06-02 01:58:13,669 [restartedMain] INFO  o.s.b.w.embedded.tomcat.TomcatWebServer            - Tomcat initialized with port 8082 (http)
2024-06-02 01:58:13,670 [restartedMain] INFO  o.apache.coyote.http11.Http11NioProtocol           - Initializing ProtocolHandler ["http-nio-8082"]
2024-06-02 01:58:13,670 [restartedMain] INFO  o.apache.catalina.core.StandardService             - Starting service [Tomcat]
2024-06-02 01:58:13,671 [restartedMain] INFO  org.apache.catalina.core.StandardEngine            - Starting Servlet engine: [Apache Tomcat/10.1.24]
2024-06-02 01:58:13,691 [restartedMain] INFO  o.a.c.c.C.[Tomcat].[localhost].[/]                 - Initializing Spring embedded WebApplicationContext
2024-06-02 01:58:13,691 [restartedMain] INFO  o.s.b.w.s.c.ServletWebServerApplicationContext     - Root WebApplicationContext: initialization completed in 241 ms
2024-06-02 01:58:13,782 [restartedMain] WARN  o.s.b.d.a.OptionalLiveReloadServer                 - Unable to start LiveReload server
2024-06-02 01:58:13,785 [restartedMain] INFO  o.apache.coyote.http11.Http11NioProtocol           - Starting ProtocolHandler ["http-nio-8082"]
2024-06-02 01:58:13,793 [restartedMain] INFO  o.s.b.w.embedded.tomcat.TomcatWebServer            - Tomcat started on port 8082 (http) with context path '/'
2024-06-02 01:58:13,797 [restartedMain] INFO  com.nt.LoggerProject02Application                  - Started LoggerProject02Application in 0.405 seconds (process running for 2621.795)
2024-06-02 01:58:13,797 [restartedMain] INFO  com.nt.LoggerProject02Application                  - Started LoggerProject02Application in 0.405 seconds (process running for 2621.795)
2024-06-02 01:58:13,798 [restartedMain] INFO  o.s.b.d.a.ConditionEvaluationDeltaLoggingListener  - Condition evaluation unchanged
2024-06-02 01:58:26,929 [File Watcher] INFO  o.s.b.d.a.LocalDevToolsAutoConfiguration$RestartingClassPathChangeChangedEventListener - Restarting due to 8 class path changes (0 additions, 5 deletions, 3 modifications)
2024-06-02 01:58:26,931 [Thread-83] INFO  o.apache.coyote.http11.Http11NioProtocol           - Stopping ProtocolHandler ["http-nio-8082"]
2024-06-02 01:58:27,125 [restartedMain] INFO  com.nt.LoggerProject02Application                  - Starting LoggerProject02Application using Java 21.0.2 with PID 3216 (D:\spring boot practice\LoggerProject02\target\classes started by DELL in D:\spring boot practice\LoggerProject02)
2024-06-02 01:58:27,125 [restartedMain] INFO  com.nt.LoggerProject02Application                  - Starting LoggerProject02Application using Java 21.0.2 with PID 3216 (D:\spring boot practice\LoggerProject02\target\classes started by DELL in D:\spring boot practice\LoggerProject02)
2024-06-02 01:58:27,125 [restartedMain] DEBUG com.nt.LoggerProject02Application                  - Running with Spring Boot v3.3.0, Spring v6.1.8
2024-06-02 01:58:27,125 [restartedMain] DEBUG com.nt.LoggerProject02Application                  - Running with Spring Boot v3.3.0, Spring v6.1.8
2024-06-02 01:58:27,125 [restartedMain] INFO  com.nt.LoggerProject02Application                  - No active profile set, falling back to 1 default profile: "default"
2024-06-02 01:58:27,125 [restartedMain] INFO  com.nt.LoggerProject02Application                  - No active profile set, falling back to 1 default profile: "default"
2024-06-02 01:58:27,973 [restartedMain] INFO  o.s.b.w.embedded.tomcat.TomcatWebServer            - Tomcat initialized with port 8082 (http)
2024-06-02 01:58:27,975 [restartedMain] INFO  o.apache.coyote.http11.Http11NioProtocol           - Initializing ProtocolHandler ["http-nio-8082"]
2024-06-02 01:58:27,976 [restartedMain] INFO  o.apache.catalina.core.StandardService             - Starting service [Tomcat]
2024-06-02 01:58:27,977 [restartedMain] INFO  org.apache.catalina.core.StandardEngine            - Starting Servlet engine: [Apache Tomcat/10.1.24]
2024-06-02 01:58:28,130 [restartedMain] INFO  o.a.c.c.C.[Tomcat].[localhost].[/]                 - Initializing Spring embedded WebApplicationContext
2024-06-02 01:58:28,146 [restartedMain] INFO  o.s.b.w.s.c.ServletWebServerApplicationContext     - Root WebApplicationContext: initialization completed in 1017 ms
2024-06-02 01:58:29,114 [restartedMain] WARN  o.s.b.d.a.OptionalLiveReloadServer                 - Unable to start LiveReload server
2024-06-02 01:58:29,167 [restartedMain] INFO  o.apache.coyote.http11.Http11NioProtocol           - Starting ProtocolHandler ["http-nio-8082"]
2024-06-02 01:58:29,187 [restartedMain] INFO  o.s.b.w.embedded.tomcat.TomcatWebServer            - Tomcat started on port 8082 (http) with context path '/'
2024-06-02 01:58:29,195 [restartedMain] INFO  com.nt.LoggerProject02Application                  - Started LoggerProject02Application in 2.149 seconds (process running for 2637.194)
2024-06-02 01:58:29,195 [restartedMain] INFO  com.nt.LoggerProject02Application                  - Started LoggerProject02Application in 2.149 seconds (process running for 2637.194)
2024-06-02 01:58:29,198 [restartedMain] INFO  o.s.b.d.a.ConditionEvaluationDeltaLoggingListener  - Condition evaluation unchanged
